<?xml version="1.0" encoding="UTF-8"?>
<!-- Generated by org.testng.reporters.JUnitXMLReporter -->
<testsuite ignored="0" hostname="DESKTOP-H00KT5A" failures="0" tests="8" name="Test" time="0.121" errors="0" timestamp="13 Sept 2023 10:20:35 GMT">
  <testcase classname="testParallel.TestNgParallel" name="add_user" time="0.032"/>
  <testcase classname="testParallel.TestNgDemo" name="add_user" time="0.033"/>
  <testcase classname="testParallel.TestNgParallel" name="dash" time="0.004"/>
  <testcase classname="testParallel.TestNgDemo" name="dash" time="0.005"/>
  <testcase classname="testParallel.TestNgParallel" name="login" time="0.007"/>
  <testcase classname="testParallel.TestNgDemo" name="login" time="0.008"/>
  <testcase classname="testParallel.TestNgParallel" name="user" time="0.004"/>
  <testcase classname="testParallel.TestNgDemo" name="user" time="0.004"/>
</testsuite> <!-- Test -->
